Arguments: 
  C:\Program Files\nodejs\node.exe C:\Program Files (x86)\Yarn\bin\yarn.js

PATH: 
  C:\Program Files\Common Files\Oracle\Java\javapath;C:\Windows\system32;C:\Windows;C:\Windows\System32\Wbem;C:\Windows\System32\WindowsPowerShell\v1.0\;C:\Windows\System32\OpenSSH\;C:\Program Files (x86)\NVIDIA Corporation\PhysX\Common;C:\Program Files\NVIDIA Corporation\NVIDIA NvDLISR;C:\Program Files\Java\jdk-18.0.2.1\bin;C:\Users\Acer\AppData\Roaming\nvm;C:\Program Files\nodejs;C:\Program Files\Java\jdk-17\bin;C:\Program Files\Git\cmd;C:\Program Files (x86)\Yarn\bin\;C:\Program Files\nodejs\;C:\Users\Acer\AppData\Local\Microsoft\WindowsApps;C:\Users\Acer\AppData\Local\Programs\Microsoft VS Code\bin;C:\Users\Acer\AppData\Roaming\nvm;C:\Program Files\nodejs;C:\Users\Acer\AppData\Local\GitHubDesktop\bin;C:\Users\Acer\AppData\Local\Yarn\bin;C:\Users\Acer\AppData\Roaming\npm

Yarn version: 
  1.22.4

Node version: 
  18.16.1

Platform: 
  win32 x64

Trace: 
  Error: getaddrinfo ENOTFOUND registry.yarnpkg.com
      at GetAddrInfoReqWrap.onlookup [as oncomplete] (node:dns:107:26)

npm manifest: 
  {
    "name": "ant-design-pro",
    "version": "6.0.0",
    "private": true,
    "description": "An out-of-box UI solution for enterprise applications",
    "scripts": {
      "analyze": "cross-env ANALYZE=1 max build",
      "build": "max build",
      "deploy": "npm run build && npm run gh-pages",
      "dev": "npm run start:dev",
      "gh-pages": "gh-pages -d dist",
      "i18n-remove": "pro i18n-remove --locale=zh-CN --write",
      "postinstall": "max setup",
      "jest": "jest",
      "lint": "npm run lint:js && npm run lint:prettier && npm run tsc",
      "lint-staged": "lint-staged",
      "lint-staged:js": "eslint --ext .js,.jsx,.ts,.tsx ",
      "lint:fix": "eslint --fix --cache --ext .js,.jsx,.ts,.tsx --format=pretty ./src ",
      "lint:js": "eslint --cache --ext .js,.jsx,.ts,.tsx --format=pretty ./src",
      "lint:prettier": "prettier -c --write \"**/**.{js,jsx,tsx,ts,less,md,json}\" --end-of-line auto",
      "openapi": "max openapi",
      "prepare": "cd ../../.. && husky install",
      "prettier": "prettier -c --write \"**/**.{js,jsx,tsx,ts,less,md,json}\"",
      "preview": "npm run build && max preview --port 8000",
      "record": "cross-env NODE_ENV=development REACT_APP_ENV=test max record --scene=login",
      "serve": "umi-serve",
      "start": "cross-env UMI_ENV=dev max dev",
      "start:dev": "cross-env REACT_APP_ENV=dev MOCK=none UMI_ENV=dev max dev",
      "start:no-mock": "cross-env MOCK=none UMI_ENV=dev max dev",
      "start:pre": "cross-env REACT_APP_ENV=pre UMI_ENV=dev max dev",
      "start:test": "cross-env REACT_APP_ENV=test MOCK=none UMI_ENV=dev max dev",
      "test": "jest",
      "test:coverage": "npm run jest -- --coverage",
      "test:update": "npm run jest -- -u",
      "tsc": "tsc --noEmit"
    },
    "lint-staged": {
      "**/*.{js,jsx,ts,tsx}": "npm run lint-staged:js",
      "**/*.{js,jsx,tsx,ts,less,md,json}": ["prettier --write"]
    },
    "browserslist": ["> 1%", "last 2 versions", "not ie <= 10"],
    "dependencies": {
      "@ant-design/charts": "^1.4.2",
      "@ant-design/icons": "^4.8.0",
      "@ant-design/pro-components": "^2.3.57",
      "@ant-design/use-emotion-css": "1.0.4",
      "@umijs/route-utils": "^2.2.2",
      "antd": "^5.2.2",
      "classnames": "^2.3.2",
      "lodash": "^4.17.21",
      "moment": "^2.29.4",
      "numeral": "^2.0.6",
      "omit.js": "^2.0.2",
      "rc-menu": "^9.8.2",
      "rc-util": "^5.27.2",
      "react": "^18.2.0",
      "react-dev-inspector": "^1.8.4",
      "react-dom": "^18.2.0",
      "react-helmet-async": "^1.3.0"
    },
    "devDependencies": {
      "@ant-design/pro-cli": "^2.1.5",
      "@testing-library/react": "^13.4.0",
      "@types/classnames": "^2.3.1",
      "@types/express": "^4.17.17",
      "@types/history": "^4.7.11",
      "@types/jest": "^29.4.0",
      "@types/lodash": "^4.14.191",
      "@types/react": "^18.0.28",
      "@types/react-dom": "^18.0.11",
      "@types/react-helmet": "^6.1.6",
      "@umijs/fabric": "^2.14.1",
      "@umijs/lint": "^4.0.52",
      "@umijs/max": "^4.0.52",
      "@umijs/preset-ant-design-pro": "^1.3.3",
      "@umijs/preset-dumi": "^1.1.50",
      "@umijs/preset-react": "^2.1.6",
      "cross-env": "^7.0.3",
      "eslint": "^8.34.0",
      "express": "^4.18.2",
      "gh-pages": "^3.2.3",
      "husky": "^8.0.3",
      "jest": "^29.4.3",
      "jest-environment-jsdom": "^29.4.3",
      "lint-staged": "^10.5.4",
      "mockjs": "^1.1.0",
      "prettier": "^2.8.4",
      "swagger-ui-dist": "^4.15.5",
      "ts-node": "^10.9.1",
      "typescript": "^4.9.5",
      "umi-presets-pro": "^2.0.2"
    },
    "engines": { "node": ">=12.0.0" }
  }

yarn manifest: 
  No manifest

Lockfile: 
  No lockfile
